Copyright 1986-2016 Xilinx, Inc. All Rights Reserved.
------------------------------------------------------------------------------------
| Tool Version : Vivado v.2016.2 (lin64) Build 1577090 Thu Jun  2 16:32:35 MDT 2016
| Date         : Thu Jul 28 09:32:48 2016
| Host         : lapte24154 running 64-bit openSUSE Leap 42.1 (x86_64)
| Command      : report_drc -file system_design_wrapper_drc_opted.rpt
| Design       : system_design_wrapper
| Device       : xc7z030ffg676-2
| Speed File   : -2
------------------------------------------------------------------------------------

Report DRC

Table of Contents
-----------------
1. REPORT SUMMARY
2. REPORT DETAILS

1. REPORT SUMMARY
-----------------
            Netlist: netlist
          Floorplan: design_1
      Design limits: <entire design considered>
           Ruledeck: default
             Max violations: <unlimited>
             Violations found: 0

2. REPORT DETAILS
-----------------

